<?xml version="1.0" encoding="UTF-8"?>
<testsuite xmlns:xsi="http://www.w3.org/2001/XMLSchema-instance" xsi:noNamespaceSchemaLocation="https://maven.apache.org/surefire/maven-surefire-plugin/xsd/surefire-test-report.xsd" version="3.0.2" name="info.eecc.weather.controller.WeatherControllerTest" time="2.921" tests="12" errors="0" skipped="0" failures="0">
  <properties>
[...]
</properties>
  <testcase name="getCurrentWeather_WithValidCoordinates_ShouldReturnWeatherData" classname="info.eecc.weather.controller.WeatherControllerTest" time="0.235">
    <system-out><![CDATA[14:09:21.859 [main] INFO org.springframework.test.context.support.AnnotationConfigContextLoaderUtils -- Could not detect default configuration classes for test class [info.eecc.weather.controller.WeatherControllerTest]: WeatherControllerTest does not declare any static, non-private, non-final, nested classes annotated with @Configuration.
14:09:22.006 [main] INFO org.springframework.boot.test.context.SpringBootTestContextBootstrapper -- Found @SpringBootConfiguration info.eecc.weather.WeatherApplication for test class info.eecc.weather.controller.WeatherControllerTest

  .   ____          _            __ _ _
 /\\ / ___'_ __ _ _(_)_ __  __ _ \ \ \ \
( ( )\___ | '_ | '_| | '_ \/ _` | \ \ \ \
 \\/  ___)| |_)| | | | | || (_| |  ) ) ) )
  '  |____| .__|_| |_|_| |_\__, | / / / /
 =========|_|==============|___/=/_/_/_/

 :: Spring Boot ::                (v3.5.5)

2025-08-27T14:09:22.410+02:00  INFO 146770 --- [weather-app] [           main] i.e.w.controller.WeatherControllerTest   : Starting WeatherControllerTest using Java 24.0.2 with PID 146770 (started by dennis in /home/dennis/Workspace/construct-x/wetter-app)
2025-08-27T14:09:22.412+02:00  INFO 146770 --- [weather-app] [           main] i.e.w.controller.WeatherControllerTest   : No active profile set, falling back to 1 default profile: "default"
2025-08-27T14:09:24.252+02:00  INFO 146770 --- [weather-app] [           main] o.s.b.t.m.w.SpringBootMockServletContext : Initializing Spring TestDispatcherServlet ''
2025-08-27T14:09:24.252+02:00  INFO 146770 --- [weather-app] [           main] o.s.t.web.servlet.TestDispatcherServlet  : Initializing Servlet ''
2025-08-27T14:09:24.254+02:00  INFO 146770 --- [weather-app] [           main] o.s.t.web.servlet.TestDispatcherServlet  : Completed initialization in 1 ms
2025-08-27T14:09:24.287+02:00  INFO 146770 --- [weather-app] [           main] i.e.w.controller.WeatherControllerTest   : Started WeatherControllerTest in 2.226 seconds (process running for 2.96)
2025-08-27T14:09:24.450+02:00  INFO 146770 --- [weather-app] [           main] i.e.w.controller.WeatherController       : Fetching current weather for coordinates: lat=52.52, lon=13.405
]]></system-out>
    <system-err><![CDATA[Mockito is currently self-attaching to enable the inline-mock-maker. This will no longer work in future releases of the JDK. Please add Mockito as an agent to your build as described in Mockito's documentation: https://javadoc.io/doc/org.mockito/mockito-core/latest/org.mockito/org/mockito/Mockito.html#0.3
WARNING: A Java agent has been loaded dynamically (/home/dennis/.m2/repository/net/bytebuddy/byte-buddy-agent/1.17.7/byte-buddy-agent-1.17.7.jar)
WARNING: If a serviceability tool is in use, please run with -XX:+EnableDynamicAgentLoading to hide this warning
WARNING: If a serviceability tool is not in use, please run with -Djdk.instrument.traceUsage for more information
WARNING: Dynamic loading of agents will be disallowed by default in a future release
]]></system-err>
  </testcase>
  <testcase name="getCurrentWeather_WithNoParameters_ShouldReturnBadRequest" classname="info.eecc.weather.controller.WeatherControllerTest" time="0.017">
    <system-out><![CDATA[2025-08-27T14:09:24.545+02:00 ERROR 146770 --- [weather-app] [           main] i.e.w.exception.GlobalExceptionHandler   : Weather service error: Either latitude+longitude OR city must be provided
]]></system-out>
  </testcase>
  <testcase name="getCurrentWeather_WithNonExistentCity_ShouldReturnNotFound" classname="info.eecc.weather.controller.WeatherControllerTest" time="0.013">
    <system-out><![CDATA[2025-08-27T14:09:24.564+02:00  INFO 146770 --- [weather-app] [           main] i.e.w.controller.WeatherController       : Fetching current weather for city: NonExistentCity
2025-08-27T14:09:24.566+02:00 ERROR 146770 --- [weather-app] [           main] i.e.w.exception.GlobalExceptionHandler   : Weather service error: City not found: NonExistentCity
]]></system-out>
  </testcase>
  <testcase name="getCurrentWeather_WithValidCity_ShouldReturnWeatherData" classname="info.eecc.weather.controller.WeatherControllerTest" time="0.013">
    <system-out><![CDATA[2025-08-27T14:09:24.580+02:00  INFO 146770 --- [weather-app] [           main] i.e.w.controller.WeatherController       : Fetching current weather for city: Berlin
]]></system-out>
  </testcase>
  <testcase name="getCurrentWeather_WhenServiceFails_ShouldReturnInternalServerError" classname="info.eecc.weather.controller.WeatherControllerTest" time="0.009">
    <system-out><![CDATA[2025-08-27T14:09:24.593+02:00  INFO 146770 --- [weather-app] [           main] i.e.w.controller.WeatherController       : Fetching current weather for coordinates: lat=52.52, lon=13.405
2025-08-27T14:09:24.594+02:00 ERROR 146770 --- [weather-app] [           main] i.e.w.exception.GlobalExceptionHandler   : Weather service error: Weather service temporarily unavailable
]]></system-out>
  </testcase>
  <testcase name="getCurrentWeather_WithEmptyCity_ShouldReturnBadRequest" classname="info.eecc.weather.controller.WeatherControllerTest" time="0.007">
    <system-out><![CDATA[2025-08-27T14:09:24.603+02:00 ERROR 146770 --- [weather-app] [           main] i.e.w.exception.GlobalExceptionHandler   : Weather service error: Either latitude+longitude OR city must be provided
]]></system-out>
  </testcase>
  <testcase name="getCurrentWeather_WithInvalidLongitude_ShouldReturnBadRequest" classname="info.eecc.weather.controller.WeatherControllerTest" time="0.01">
    <system-out><![CDATA[2025-08-27T14:09:24.614+02:00 ERROR 146770 --- [weather-app] [           main] i.e.w.exception.GlobalExceptionHandler   : Validation error: getCurrentWeather.longitude: Longitude must be between -180 and 180
]]></system-out>
  </testcase>
  <testcase name="getCurrentWeather_WithInvalidLatitude_ShouldReturnBadRequest" classname="info.eecc.weather.controller.WeatherControllerTest" time="0.007">
    <system-out><![CDATA[2025-08-27T14:09:24.623+02:00 ERROR 146770 --- [weather-app] [           main] i.e.w.exception.GlobalExceptionHandler   : Validation error: getCurrentWeather.latitude: Latitude must be between -90 and 90
]]></system-out>
  </testcase>
  <testcase name="getCurrentWeather_WithOnlyLatitude_ShouldReturnBadRequest" classname="info.eecc.weather.controller.WeatherControllerTest" time="0.006">
    <system-out><![CDATA[2025-08-27T14:09:24.630+02:00 ERROR 146770 --- [weather-app] [           main] i.e.w.exception.GlobalExceptionHandler   : Weather service error: Either latitude+longitude OR city must be provided
]]></system-out>
  </testcase>
  <testcase name="getCurrentWeather_WithOnlyLongitude_ShouldReturnBadRequest" classname="info.eecc.weather.controller.WeatherControllerTest" time="0.007">
    <system-out><![CDATA[2025-08-27T14:09:24.638+02:00 ERROR 146770 --- [weather-app] [           main] i.e.w.exception.GlobalExceptionHandler   : Weather service error: Either latitude+longitude OR city must be provided
]]></system-out>
  </testcase>
  <testcase name="getCurrentWeather_WhenServiceFailsWithCause_ShouldReturnInternalServerError" classname="info.eecc.weather.controller.WeatherControllerTest" time="0.009">
    <system-out><![CDATA[2025-08-27T14:09:24.647+02:00  INFO 146770 --- [weather-app] [           main] i.e.w.controller.WeatherController       : Fetching current weather for city: Berlin
2025-08-27T14:09:24.648+02:00 ERROR 146770 --- [weather-app] [           main] i.e.w.exception.GlobalExceptionHandler   : Weather service error: Failed to fetch weather data
]]></system-out>
  </testcase>
  <testcase name="getCurrentWeather_WithBothCoordinatesAndCity_ShouldReturnBadRequest" classname="info.eecc.weather.controller.WeatherControllerTest" time="0.009">
    <system-out><![CDATA[2025-08-27T14:09:24.657+02:00 ERROR 146770 --- [weather-app] [           main] i.e.w.exception.GlobalExceptionHandler   : Weather service error: Provide either latitude+longitude OR city, not both
]]></system-out>
  </testcase>
</testsuite>